<?xml version="1.0" encoding="UTF-8"?>
<!-- Generated by org.testng.reporters.JUnitReportReporter -->
<testsuite hostname="LAPTOP-C4KP8E75" failures="0" tests="7" name="API_Testing.Reqres" time="6.019" errors="0" timestamp="2024-07-09T17:44:05 IST" skipped="6">
  <testcase classname="API_Testing.Reqres" name="delyedresponse" time="6.019"/>
  <system-out/>
  <testcase classname="API_Testing.Reqres" name="singleuser">
    <skipped/>
  </testcase> <!-- singleuser -->
  <system-out/>
  <testcase classname="API_Testing.Reqres" name="listofviewers">
    <skipped/>
  </testcase> <!-- listofviewers -->
  <system-out/>
  <testcase classname="API_Testing.Reqres" name="LISTRESOURCE1">
    <skipped/>
  </testcase> <!-- LISTRESOURCE1 -->
  <system-out/>
  <testcase classname="API_Testing.Reqres" name="SINGLERESOURCENOTFOUND">
    <skipped/>
  </testcase> <!-- SINGLERESOURCENOTFOUND -->
  <system-out/>
  <testcase classname="API_Testing.Reqres" name="SINGLERESOURCE">
    <skipped/>
  </testcase> <!-- SINGLERESOURCE -->
  <system-out/>
  <testcase classname="API_Testing.Reqres" name="SINGLEUSERNOTFOUND">
    <skipped/>
  </testcase> <!-- SINGLEUSERNOTFOUND -->
  <system-out/>
</testsuite> <!-- API_Testing.Reqres -->
