<?xml version="1.0" encoding="UTF-8"?>
<!-- Generated by org.testng.reporters.JUnitReportReporter -->
<testsuite hostname="LAPTOP-C4KP8E75" failures="0" tests="1" name="API_Testing.CryptoWalletAPITesting" time="2.260" errors="0" timestamp="2024-07-15T16:30:11 IST" skipped="0">
  <testcase classname="API_Testing.CryptoWalletAPITesting" name="getExchangeRates" time="2.260"/>
  <system-out/>
</testsuite> <!-- API_Testing.CryptoWalletAPITesting -->
