<?xml version="1.0" encoding="UTF-8"?>
<!-- Generated by org.testng.reporters.JUnitReportReporter -->
<testsuite hostname="LAPTOP-C4KP8E75" failures="0" tests="1" name="API_Testing.Trello_restAPI" time="5.237" errors="0" timestamp="2024-07-10T13:27:59 IST" skipped="0">
  <testcase classname="API_Testing.Trello_restAPI" name="DeleteAboard" time="5.237"/>
  <system-out/>
</testsuite> <!-- API_Testing.Trello_restAPI -->
