<?xml version="1.0" encoding="UTF-8"?>
<!-- Generated by org.testng.reporters.JUnitReportReporter -->
<testsuite hostname="LAPTOP-C4KP8E75" failures="0" tests="1" name="API_Testing.Beeceptor_API" time="2.106" errors="0" timestamp="2024-07-15T15:55:15 IST" skipped="0">
  <testcase classname="API_Testing.Beeceptor_API" name="Get_an_object_with_all_available_currency_exchange_rates" time="2.106"/>
  <system-out/>
</testsuite> <!-- API_Testing.Beeceptor_API -->
